2020-07-28 16:00:06,986 [Worker-1: Loading available Gradle versions] INFO  o.e.b.c.i.u.g.PublishedGradleVersions - Gradle version information cache is up-to-date. Trying to read.
2020-07-28 17:20:26,969 [Worker-4: Loading available Gradle versions] INFO  o.e.b.c.i.u.g.PublishedGradleVersions - Gradle version information cache is up-to-date. Trying to read.
2020-07-28 21:45:01,091 [ModalContext] INFO  o.e.m.c.i.e.AbstractTransferListenerAdapter - Downloaded https://repo.maven.apache.org/maven2/by/htp/mavenex/handmade-maven-project/4.0.0/handmade-maven-project-4.0.0.pom
2020-07-28 21:45:01,115 [ModalContext] ERROR o.e.m.c.u.i.w.MavenProjectWizardArchetypePage - Can't resolve Archetype by.htp.mavenex:handmade-maven-project:4.0.0
org.eclipse.core.runtime.CoreException: Could not resolve artifact by.htp.mavenex:handmade-maven-project:pom:4.0.0
	at org.eclipse.m2e.core.internal.embedder.MavenImpl.lambda$4(MavenImpl.java:803) ~[na:na]
	at org.eclipse.m2e.core.internal.embedder.MavenExecutionContext.executeBare(MavenExecutionContext.java:179) ~[na:na]
	at org.eclipse.m2e.core.internal.embedder.MavenExecutionContext.execute(MavenExecutionContext.java:153) ~[na:na]
	at org.eclipse.m2e.core.internal.embedder.MavenExecutionContext.execute(MavenExecutionContext.java:101) ~[na:na]
	at org.eclipse.m2e.core.internal.embedder.MavenImpl.resolve(MavenImpl.java:771) ~[na:na]
	at org.eclipse.m2e.core.internal.embedder.MavenImpl.resolve(MavenImpl.java:748) ~[na:na]
	at org.eclipse.m2e.core.ui.internal.wizards.MavenProjectWizardArchetypePage.lambda$9(MavenProjectWizardArchetypePage.java:812) ~[org.eclipse.m2e.core.ui_1.16.0.20200514-1409.jar:na]
	at org.eclipse.jface.operation.ModalContext$ModalContextThread.run(ModalContext.java:122) ~[org.eclipse.jface_3.20.0.v20200505-1952.jar:na]
2020-07-28 21:45:54,812 [ModalContext] ERROR o.e.m.c.u.i.w.MavenProjectWizardArchetypePage - Can't resolve Archetype by.htp.mavenex:handmade-maven-project:4.0.0
org.eclipse.core.runtime.CoreException: Could not resolve artifact by.htp.mavenex:handmade-maven-project:pom:4.0.0
	at org.eclipse.m2e.core.internal.embedder.MavenImpl.lambda$4(MavenImpl.java:803) ~[na:na]
	at org.eclipse.m2e.core.internal.embedder.MavenExecutionContext.executeBare(MavenExecutionContext.java:179) ~[na:na]
	at org.eclipse.m2e.core.internal.embedder.MavenExecutionContext.execute(MavenExecutionContext.java:153) ~[na:na]
	at org.eclipse.m2e.core.internal.embedder.MavenExecutionContext.execute(MavenExecutionContext.java:101) ~[na:na]
	at org.eclipse.m2e.core.internal.embedder.MavenImpl.resolve(MavenImpl.java:771) ~[na:na]
	at org.eclipse.m2e.core.internal.embedder.MavenImpl.resolve(MavenImpl.java:748) ~[na:na]
	at org.eclipse.m2e.core.ui.internal.wizards.MavenProjectWizardArchetypePage.lambda$9(MavenProjectWizardArchetypePage.java:812) ~[org.eclipse.m2e.core.ui_1.16.0.20200514-1409.jar:na]
	at org.eclipse.jface.operation.ModalContext$ModalContextThread.run(ModalContext.java:122) ~[org.eclipse.jface_3.20.0.v20200505-1952.jar:na]
2020-07-28 21:47:24,219 [Worker-112: Creating project "handmade-maven-project"] INFO  o.e.m.c.i.l.LifecycleMappingFactory - Using org.eclipse.m2e.jdt.JarLifecycleMapping lifecycle mapping for MavenProject: by.htp.mavenex:handmade-maven-project:4.0.0 @ C:\-Repos\tomcat\webapps\handmade-maven-project\pom.xml.
2020-07-28 21:47:25,043 [Worker-112: Creating project "handmade-maven-project"] INFO  o.e.m.j.i.AbstractJavaProjectConfigurator - Adding source folder /handmade-maven-project/src/main/java
2020-07-28 21:47:25,046 [Worker-112: Creating project "handmade-maven-project"] INFO  o.e.m.j.i.AbstractJavaProjectConfigurator - Adding resource folder /handmade-maven-project/src/main/resources
2020-07-28 21:47:25,047 [Worker-112: Creating project "handmade-maven-project"] INFO  o.e.m.j.i.AbstractJavaProjectConfigurator - Adding source folder /handmade-maven-project/src/test/java
2020-07-28 21:47:25,048 [Worker-112: Creating project "handmade-maven-project"] INFO  o.e.m.j.i.AbstractJavaProjectConfigurator - Adding resource folder /handmade-maven-project/src/test/resources
2020-07-28 21:47:25,512 [Worker-114: Building] WARN  o.e.m.c.i.embedder.EclipseLogger - Using platform encoding (Cp1251 actually) to copy filtered resources, i.e. build is platform dependent!
2020-07-28 21:47:25,525 [Worker-114: Building] INFO  o.e.m.c.i.embedder.EclipseLogger - Copying 0 resource
2020-07-28 21:47:25,530 [Worker-114: Building] WARN  o.e.m.c.i.embedder.EclipseLogger - Using platform encoding (Cp1251 actually) to copy filtered resources, i.e. build is platform dependent!
2020-07-28 21:47:25,536 [Worker-114: Building] INFO  o.e.m.c.i.embedder.EclipseLogger - Copying 0 resource
2020-07-28 21:52:27,733 [Worker-112: Building] INFO  o.e.m.c.i.l.LifecycleMappingFactory - Using org.eclipse.m2e.jdt.JarLifecycleMapping lifecycle mapping for MavenProject: by.htp.mavenex:handmade-maven-project:4.0.0 @ C:\-Repos\tomcat\webapps\handmade-maven-project\pom.xml.
2020-07-28 21:52:28,083 [Worker-112: Building] WARN  o.e.m.c.i.embedder.EclipseLogger - Using platform encoding (Cp1251 actually) to copy filtered resources, i.e. build is platform dependent!
2020-07-28 21:52:28,090 [Worker-112: Building] INFO  o.e.m.c.i.embedder.EclipseLogger - Copying 0 resource
2020-07-28 21:52:28,094 [Worker-112: Building] WARN  o.e.m.c.i.embedder.EclipseLogger - Using platform encoding (Cp1251 actually) to copy filtered resources, i.e. build is platform dependent!
2020-07-28 21:52:28,102 [Worker-112: Building] INFO  o.e.m.c.i.embedder.EclipseLogger - Copying 0 resource
2020-07-28 23:25:07,825 [Worker-1: Loading available Gradle versions] INFO  o.e.b.c.i.u.g.PublishedGradleVersions - Gradle version information cache is up-to-date. Trying to read.
2020-07-30 10:13:12,291 [Worker-3: Loading available Gradle versions] INFO  o.e.b.c.i.u.g.PublishedGradleVersions - Gradle version information cache is out-of-date. Trying to update.
2020-07-30 21:21:09,839 [Worker-3: Loading available Gradle versions] INFO  o.e.b.c.i.u.g.PublishedGradleVersions - Gradle version information cache is up-to-date. Trying to read.
2020-07-30 21:22:24,853 [Worker-2: Loading available Gradle versions] INFO  o.e.b.c.i.u.g.PublishedGradleVersions - Gradle version information cache is up-to-date. Trying to read.
2020-07-30 21:24:41,221 [Worker-1: Loading available Gradle versions] INFO  o.e.b.c.i.u.g.PublishedGradleVersions - Gradle version information cache is up-to-date. Trying to read.
2020-07-30 21:47:04,651 [Worker-1: Loading available Gradle versions] INFO  o.e.b.c.i.u.g.PublishedGradleVersions - Gradle version information cache is up-to-date. Trying to read.
2020-07-30 21:57:46,323 [Worker-4: Loading available Gradle versions] INFO  o.e.b.c.i.u.g.PublishedGradleVersions - Gradle version information cache is up-to-date. Trying to read.
2020-08-27 15:48:46,256 [Worker-4: Loading available Gradle versions] INFO  o.e.b.c.i.u.g.PublishedGradleVersions - Gradle version information cache is out-of-date. Trying to update.
2020-08-28 09:59:44,349 [Worker-1: Loading available Gradle versions] INFO  o.e.b.c.i.u.g.PublishedGradleVersions - Gradle version information cache is up-to-date. Trying to read.
2020-08-28 10:59:15,189 [Worker-2: Loading available Gradle versions] INFO  o.e.b.c.i.u.g.PublishedGradleVersions - Gradle version information cache is up-to-date. Trying to read.
2020-08-28 11:09:36,015 [Worker-3: Loading available Gradle versions] INFO  o.e.b.c.i.u.g.PublishedGradleVersions - Gradle version information cache is up-to-date. Trying to read.
2020-08-28 11:25:45,382 [Worker-2: Loading available Gradle versions] INFO  o.e.b.c.i.u.g.PublishedGradleVersions - Gradle version information cache is up-to-date. Trying to read.
2020-08-28 11:37:00,687 [Worker-5: Loading available Gradle versions] INFO  o.e.b.c.i.u.g.PublishedGradleVersions - Gradle version information cache is up-to-date. Trying to read.
2020-08-28 11:43:05,983 [Worker-0: Loading available Gradle versions] INFO  o.e.b.c.i.u.g.PublishedGradleVersions - Gradle version information cache is up-to-date. Trying to read.
2020-08-30 09:26:21,072 [Worker-0: Loading available Gradle versions] INFO  o.e.b.c.i.u.g.PublishedGradleVersions - Gradle version information cache is out-of-date. Trying to update.
